<?xml version="1.0" encoding="UTF-8"?>
<!-- Generated by org.testng.reporters.JUnitReportReporter -->
<testsuite hostname="DESKTOP-VJ4J3F1" failures="0" tests="1" name="verificationUsingTestNG.AssertTrueFalse" time="0.011" errors="0" timestamp="2024-07-24T16:22:23 IST" skipped="0">
  <testcase classname="verificationUsingTestNG.AssertTrueFalse" name="f" time="0.011"/>
</testsuite> <!-- verificationUsingTestNG.AssertTrueFalse -->
