<?xml version="1.0" encoding="UTF-8"?>
<!-- Generated by org.testng.reporters.JUnitReportReporter -->
<testsuite hostname="DESKTOP-VJ4J3F1" failures="0" tests="2" name="TestNGDemo.TimeoutKeyword" time="2.022" errors="0" timestamp="2024-07-19T15:51:38 IST" skipped="0">
  <testcase classname="TestNGDemo.TimeoutKeyword" name="x1" time="0.010">
    <system-out>
      <![CDATA[Method x1 is running]]>
    </system-out>
  </testcase> <!-- x1 -->
  <testcase classname="TestNGDemo.TimeoutKeyword" name="y1" time="2.012">
    <system-out>
      <![CDATA[Method y1 is running]]>
    </system-out>
  </testcase> <!-- y1 -->
  <system-out>
    <![CDATA[Method x1 is running
Method y1 is running]]>
  </system-out>
</testsuite> <!-- TestNGDemo.TimeoutKeyword -->
