<?xml version="1.0" encoding="UTF-8"?>
<!-- Generated by org.testng.reporters.JUnitReportReporter -->
<testsuite hostname="DESKTOP-VJ4J3F1" failures="0" tests="4" name="testNGXML.NewTest1" time="0.005" errors="0" timestamp="2024-07-20T16:18:48 IST" skipped="0">
  <testcase classname="testNGXML.NewTest1" name="a" time="0.001">
    <system-out>
      <![CDATA[a method is running]]>
    </system-out>
  </testcase> <!-- a -->
  <testcase classname="testNGXML.NewTest1" name="c" time="0.001">
    <system-out>
      <![CDATA[c method is running]]>
    </system-out>
  </testcase> <!-- c -->
  <testcase classname="testNGXML.NewTest1" name="d" time="0.002">
    <system-out>
      <![CDATA[d method is running]]>
    </system-out>
  </testcase> <!-- d -->
  <testcase classname="testNGXML.NewTest1" name="b" time="0.001">
    <system-out>
      <![CDATA[b method is running]]>
    </system-out>
  </testcase> <!-- b -->
  <system-out>
    <![CDATA[I method is running
J method is running
K method is running
L method is running
e Method is running
f Method is running
g Method is running
h Method is running
a method is running
b method is running
c method is running
d method is running]]>
  </system-out>
</testsuite> <!-- testNGXML.NewTest1 -->
