<?xml version="1.0" encoding="UTF-8"?>
<!-- Generated by org.testng.reporters.JUnitReportReporter -->
<testsuite hostname="DESKTOP-VJ4J3F1" failures="0" tests="2" name="TestNGDemo.TestNGAnotation" time="0.018" errors="0" timestamp="2024-07-19T14:23:01 IST" skipped="0">
  <testcase classname="TestNGDemo.TestNGAnotation" name="B" time="0.010">
    <system-out>
      <![CDATA[Method  B is runing ]]>
    </system-out>
  </testcase> <!-- B -->
  <testcase classname="TestNGDemo.TestNGAnotation" name="A" time="0.008">
    <system-out>
      <![CDATA[Method A is running]]>
    </system-out>
  </testcase> <!-- A -->
  <system-out>
    <![CDATA[Before method id running
Method A is running
After Method is running 
Before method id running
Method  B is runing 
After Method is running ]]>
  </system-out>
</testsuite> <!-- TestNGDemo.TestNGAnotation -->
