<?xml version="1.0" encoding="UTF-8"?>
<!-- Generated by org.testng.reporters.JUnitReportReporter -->
<testsuite hostname="DESKTOP-VJ4J3F1" failures="0" tests="4" name="testNGXML.NewTest2" time="0.006" errors="0" timestamp="2024-07-20T16:18:48 IST" skipped="0">
  <testcase classname="testNGXML.NewTest2" name="e" time="0.001">
    <system-out>
      <![CDATA[e Method is running]]>
    </system-out>
  </testcase> <!-- e -->
  <testcase classname="testNGXML.NewTest2" name="f" time="0.002">
    <system-out>
      <![CDATA[f Method is running]]>
    </system-out>
  </testcase> <!-- f -->
  <testcase classname="testNGXML.NewTest2" name="h" time="0.002">
    <system-out>
      <![CDATA[h Method is running]]>
    </system-out>
  </testcase> <!-- h -->
  <testcase classname="testNGXML.NewTest2" name="g" time="0.001">
    <system-out>
      <![CDATA[g Method is running]]>
    </system-out>
  </testcase> <!-- g -->
  <system-out>
    <![CDATA[I method is running
J method is running
K method is running
L method is running
e Method is running
f Method is running
g Method is running
h Method is running
a method is running
b method is running
c method is running
d method is running]]>
  </system-out>
</testsuite> <!-- testNGXML.NewTest2 -->
