<?xml version="1.0" encoding="UTF-8"?>
<!-- Generated by org.testng.reporters.JUnitReportReporter -->
<testsuite hostname="DESKTOP-VJ4J3F1" failures="0" tests="1" name="testNGXML.Amezone" time="6.117" errors="0" timestamp="2024-07-24T14:30:43 IST" skipped="0">
  <testcase classname="testNGXML.Amezone" name="AmezoneTest" time="6.117"/>
</testsuite> <!-- testNGXML.Amezone -->
