<?xml version="1.0" encoding="UTF-8"?>
<!-- Generated by org.testng.reporters.JUnitReportReporter -->
<testsuite hostname="DESKTOP-VJ4J3F1" failures="0" tests="3" name="testNGXML.NewTest5" time="0.015" errors="0" timestamp="2024-07-20T16:39:22 IST" skipped="0">
  <testcase classname="testNGXML.NewTest5" name="o" time="0.002">
    <system-out>
      <![CDATA[O method is running]]>
    </system-out>
  </testcase> <!-- o -->
  <testcase classname="testNGXML.NewTest5" name="n" time="0.002">
    <system-out>
      <![CDATA[N method is running]]>
    </system-out>
  </testcase> <!-- n -->
  <testcase classname="testNGXML.NewTest5" name="l" time="0.011">
    <system-out>
      <![CDATA[L method is running]]>
    </system-out>
  </testcase> <!-- l -->
  <system-out>
    <![CDATA[L method is running
N method is running
O method is running
Q method is running
R method is running]]>
  </system-out>
</testsuite> <!-- testNGXML.NewTest5 -->
