<?xml version="1.0" encoding="UTF-8"?>
<!-- Generated by org.testng.reporters.JUnitReportReporter -->
<testsuite hostname="DESKTOP-VJ4J3F1" failures="0" tests="1" name="readPropertiseFile.FBSignUpusingproperties" time="8.936" errors="0" timestamp="2024-07-29T14:37:47 IST" skipped="0">
  <testcase classname="readPropertiseFile.FBSignUpusingproperties" name="data" time="8.936"/>
</testsuite> <!-- readPropertiseFile.FBSignUpusingproperties -->
