<?xml version="1.0" encoding="UTF-8"?>
<!-- Generated by org.testng.reporters.JUnitReportReporter -->
<testsuite hostname="DESKTOP-VJ4J3F1" failures="0" tests="4" name="testNGXML.NewTest3" time="0.015" errors="0" timestamp="2024-07-20T16:18:48 IST" skipped="0">
  <testcase classname="testNGXML.NewTest3" name="j" time="0.001">
    <system-out>
      <![CDATA[J method is running]]>
    </system-out>
  </testcase> <!-- j -->
  <testcase classname="testNGXML.NewTest3" name="l" time="0.003">
    <system-out>
      <![CDATA[L method is running]]>
    </system-out>
  </testcase> <!-- l -->
  <testcase classname="testNGXML.NewTest3" name="k" time="0.002">
    <system-out>
      <![CDATA[K method is running]]>
    </system-out>
  </testcase> <!-- k -->
  <testcase classname="testNGXML.NewTest3" name="i" time="0.009">
    <system-out>
      <![CDATA[I method is running]]>
    </system-out>
  </testcase> <!-- i -->
  <system-out>
    <![CDATA[I method is running
J method is running
K method is running
L method is running
e Method is running
f Method is running
g Method is running
h Method is running
a method is running
b method is running
c method is running
d method is running]]>
  </system-out>
</testsuite> <!-- testNGXML.NewTest3 -->
