<?xml version="1.0" encoding="UTF-8"?>
<!-- Generated by org.testng.reporters.JUnitReportReporter -->
<testsuite hostname="DESKTOP-VJ4J3F1" failures="0" tests="1" name="verificationUsingTestNG.AssertequalNotequal" time="0.012" errors="0" timestamp="2024-07-24T15:23:21 IST" skipped="0">
  <testcase classname="verificationUsingTestNG.AssertequalNotequal" name="method" time="0.012"/>
</testsuite> <!-- verificationUsingTestNG.AssertequalNotequal -->
