<?xml version="1.0" encoding="UTF-8"?>
<!-- Generated by org.testng.reporters.JUnitReportReporter -->
<testsuite hostname="DESKTOP-VJ4J3F1" failures="0" tests="4" name="TestNGDemo.KeywordPriority" time="0.007" errors="0" timestamp="2024-07-19T15:27:37 IST" skipped="0">
  <testcase classname="TestNGDemo.KeywordPriority" name="x" time="0.002">
    <system-out>
      <![CDATA[Method x is running]]>
    </system-out>
  </testcase> <!-- x -->
  <testcase classname="TestNGDemo.KeywordPriority" name="z" time="0.002">
    <system-out>
      <![CDATA[Method z is running]]>
    </system-out>
  </testcase> <!-- z -->
  <testcase classname="TestNGDemo.KeywordPriority" name="y" time="0.002">
    <system-out>
      <![CDATA[Method y is running]]>
    </system-out>
  </testcase> <!-- y -->
  <testcase classname="TestNGDemo.KeywordPriority" name="a" time="0.001">
    <system-out>
      <![CDATA[Method a is running]]>
    </system-out>
  </testcase> <!-- a -->
  <system-out>
    <![CDATA[Before class is running
Before Method is Runing
Method a is running
After Method is Runing
Before Method is Runing
Method b is running
After Method is Runing
Before Method is Runing
Method c is running
After Method is Runing
After class is running
Method x is running
Method z is running
Method y is running
Method a is running
Before method is running
Method A is running
After Method is running 
Before method is running
Method  B is runing 
After Method is running 
Demo method is running
This before method 
This is after method
This before method 
Varsha
This is after method
This before method 
Shreesha
This is after method
Method a is running 
Method b is running 
Method b is running 
Method b is running ]]>
  </system-out>
</testsuite> <!-- TestNGDemo.KeywordPriority -->
