<?xml version="1.0" encoding="UTF-8"?>
<!-- Generated by org.testng.reporters.JUnitReportReporter -->
<testsuite hostname="DESKTOP-VJ4J3F1" failures="0" tests="2" name="testNGXML.NewTest4" time="0.003" errors="0" timestamp="2024-07-20T16:39:22 IST" skipped="0">
  <testcase classname="testNGXML.NewTest4" name="q" time="0.001">
    <system-out>
      <![CDATA[Q method is running]]>
    </system-out>
  </testcase> <!-- q -->
  <testcase classname="testNGXML.NewTest4" name="r" time="0.002">
    <system-out>
      <![CDATA[R method is running]]>
    </system-out>
  </testcase> <!-- r -->
  <system-out>
    <![CDATA[L method is running
N method is running
O method is running
Q method is running
R method is running]]>
  </system-out>
</testsuite> <!-- testNGXML.NewTest4 -->
