<?xml version="1.0" encoding="UTF-8"?>
<!-- Generated by org.testng.reporters.JUnitReportReporter -->
<testsuite hostname="DESKTOP-VJ4J3F1" failures="0" tests="1" name="testNGXML.Ajio" time="14.666" errors="0" timestamp="2024-07-24T14:30:43 IST" skipped="0">
  <testcase classname="testNGXML.Ajio" name="AjioTest" time="14.666"/>
</testsuite> <!-- testNGXML.Ajio -->
