<?xml version="1.0" encoding="UTF-8"?>
<!-- Generated by org.testng.reporters.JUnitReportReporter -->
<testsuite hostname="DESKTOP-VJ4J3F1" failures="0" tests="3" name="TestNGDemo.DependsOnMethodKeywords" time="0.018" errors="0" timestamp="2024-07-20T16:04:40 IST" skipped="0">
  <testcase classname="TestNGDemo.DependsOnMethodKeywords" name="Demo" time="0.003">
    <system-out>
      <![CDATA[demo method is running]]>
    </system-out>
  </testcase> <!-- Demo -->
  <testcase classname="TestNGDemo.DependsOnMethodKeywords" name="sample" time="0.003">
    <system-out>
      <![CDATA[Sample method is running]]>
    </system-out>
  </testcase> <!-- sample -->
  <testcase classname="TestNGDemo.DependsOnMethodKeywords" name="Example" time="0.012">
    <system-out>
      <![CDATA[Example method is running]]>
    </system-out>
  </testcase> <!-- Example -->
  <system-out>
    <![CDATA[Example method is running
demo method is running
Sample method is running]]>
  </system-out>
</testsuite> <!-- TestNGDemo.DependsOnMethodKeywords -->
