<?xml version="1.0" encoding="UTF-8"?>
<!-- Generated by org.testng.reporters.JUnitReportReporter -->
<testsuite hostname="DESKTOP-VJ4J3F1" failures="0" tests="3" name="dataProvider.FBsignUPdata" time="70.358" errors="0" timestamp="2024-07-25T14:37:06 IST" skipped="0">
  <testcase classname="dataProvider.FBsignUPdata" name="mydata" time="25.400"/>
  <testcase classname="dataProvider.FBsignUPdata" name="mydata" time="17.929"/>
  <testcase classname="dataProvider.FBsignUPdata" name="mydata" time="27.029"/>
</testsuite> <!-- dataProvider.FBsignUPdata -->
